<?xml version="1.0" encoding="UTF-8"?>
<!-- Generated by org.testng.reporters.JUnitReportReporter -->
<testsuite hostname="DESKTOP-UNKIUAD" failures="0" tests="10" name="testNG.Invocation_count" time="0.051" errors="0" timestamp="2023-05-29T23:07:57 IST" skipped="0">
  <testcase classname="testNG.Invocation_count" name="test" time="0.003"/>
  <system-out/>
  <testcase classname="testNG.Invocation_count" name="test" time="0.004"/>
  <system-out/>
  <testcase classname="testNG.Invocation_count" name="test" time="0.003"/>
  <system-out/>
  <testcase classname="testNG.Invocation_count" name="test" time="0.009"/>
  <system-out/>
  <testcase classname="testNG.Invocation_count" name="test" time="0.002"/>
  <system-out/>
  <testcase classname="testNG.Invocation_count" name="test" time="0.016"/>
  <system-out/>
  <testcase classname="testNG.Invocation_count" name="test" time="0.002"/>
  <system-out/>
  <testcase classname="testNG.Invocation_count" name="test" time="0.006"/>
  <system-out/>
  <testcase classname="testNG.Invocation_count" name="test" time="0.003"/>
  <system-out/>
  <testcase classname="testNG.Invocation_count" name="test" time="0.003"/>
  <system-out/>
</testsuite> <!-- testNG.Invocation_count -->
