<?xml version="1.0" encoding="UTF-8"?>
<!-- Generated by org.testng.reporters.JUnitReportReporter -->
<testsuite hostname="DESKTOP-UNKIUAD" failures="0" tests="1" name="testNG.TestNG_Listener" time="42.907" errors="0" timestamp="2023-05-30T00:24:41 IST" skipped="0">
  <testcase classname="testNG.TestNG_Listener" name="testLogin" time="42.907"/>
  <system-out/>
</testsuite> <!-- testNG.TestNG_Listener -->
