<?xml version="1.0" encoding="UTF-8"?>
<!-- Generated by org.testng.reporters.JUnitReportReporter -->
<testsuite hostname="DESKTOP-UNKIUAD" failures="0" tests="2" name="testNG.AnnotationsDemo1" time="0.022" errors="0" timestamp="2023-05-29T19:07:30 IST" skipped="0">
  <testcase classname="testNG.AnnotationsDemo1" name="search" time="0.016"/>
  <system-out/>
  <testcase classname="testNG.AnnotationsDemo1" name="advacedsearch" time="0.006"/>
  <system-out/>
</testsuite> <!-- testNG.AnnotationsDemo1 -->
