<?xml version="1.0" encoding="UTF-8"?>
<!-- Generated by org.testng.reporters.JUnitReportReporter -->
<testsuite hostname="DESKTOP-UNKIUAD" failures="0" tests="3" name="testNG.Third_Test" time="0.019" errors="0" timestamp="2023-05-29T16:52:45 IST" skipped="0">
  <testcase classname="testNG.Third_Test" name="test1" time="0.013"/>
  <system-out/>
  <testcase classname="testNG.Third_Test" name="test2" time="0.003"/>
  <system-out/>
  <testcase classname="testNG.Third_Test" name="test3" time="0.003"/>
  <system-out/>
</testsuite> <!-- testNG.Third_Test -->
