<?xml version="1.0" encoding="UTF-8"?>
<!-- Generated by org.testng.reporters.JUnitReportReporter -->
<testsuite hostname="DESKTOP-UNKIUAD" failures="0" tests="2" name="testNG.All_Annotations" time="0.014" errors="0" timestamp="2023-05-29T18:58:15 IST" skipped="0">
  <testcase classname="testNG.All_Annotations" name="tm1" time="0.009"/>
  <system-out/>
  <testcase classname="testNG.All_Annotations" name="tm2" time="0.005"/>
  <system-out/>
</testsuite> <!-- testNG.All_Annotations -->
