<?xml version="1.0" encoding="UTF-8"?>
<!-- Generated by org.testng.reporters.JUnitReportReporter -->
<testsuite hostname="DESKTOP-UNKIUAD" failures="0" tests="3" name="testNG.Grouping" time="0.019" errors="0" timestamp="2023-05-29T20:12:27 IST" skipped="0">
  <testcase classname="testNG.Grouping" name="loginByfacebook" time="0.016"/>
  <system-out/>
  <testcase classname="testNG.Grouping" name="loginBytwitter" time="0.002"/>
  <system-out/>
  <testcase classname="testNG.Grouping" name="paymentindollar" time="0.001"/>
  <system-out/>
</testsuite> <!-- testNG.Grouping -->
