<?xml version="1.0" encoding="UTF-8"?>
<!-- Generated by org.testng.reporters.JUnitReportReporter -->
<testsuite hostname="DESKTOP-UNKIUAD" failures="0" tests="2" name="testNG.Parallel_Testing" time="4.453" errors="0" timestamp="2023-05-29T23:01:04 IST" skipped="0">
  <testcase classname="testNG.Parallel_Testing" name="testLogin" time="2.178"/>
  <system-out/>
  <testcase classname="testNG.Parallel_Testing" name="testLogin" time="2.275"/>
  <system-out/>
</testsuite> <!-- testNG.Parallel_Testing -->
