<?xml version="1.0" encoding="UTF-8"?>
<!-- Generated by org.testng.reporters.JUnitReportReporter -->
<testsuite hostname="DESKTOP-UNKIUAD" failures="0" tests="2" name="pageobjectmodel.Login_Test" time="1.634" errors="0" timestamp="2023-06-01T17:50:44 IST" skipped="0">
  <testcase classname="pageobjectmodel.Login_Test" name="testLogo" time="0.099"/>
  <system-out/>
  <testcase classname="pageobjectmodel.Login_Test" name="testLogin" time="1.535"/>
  <system-out/>
</testsuite> <!-- pageobjectmodel.Login_Test -->
