<?xml version="1.0" encoding="UTF-8"?>
<!-- Generated by org.testng.reporters.JUnitReportReporter -->
<testsuite hostname="DESKTOP-UNKIUAD" failures="0" tests="2" name="testNG.AnnotationsDemo2" time="0.011" errors="0" timestamp="2023-05-29T19:06:41 IST" skipped="0">
  <testcase classname="testNG.AnnotationsDemo2" name="search" time="0.007"/>
  <system-out/>
  <testcase classname="testNG.AnnotationsDemo2" name="advacedsearch" time="0.004"/>
  <system-out/>
</testsuite> <!-- testNG.AnnotationsDemo2 -->
