<?xml version="1.0" encoding="UTF-8"?>
<!-- Generated by org.testng.reporters.JUnitReportReporter -->
<testsuite hostname="DESKTOP-UNKIUAD" failures="0" tests="3" name="testNG.First_test" time="0.023" errors="0" timestamp="2023-05-29T16:43:26 IST" skipped="0">
  <testcase classname="testNG.First_test" name="openapp" time="0.019"/>
  <system-out/>
  <testcase classname="testNG.First_test" name="login" time="0.002"/>
  <system-out/>
  <testcase classname="testNG.First_test" name="logout" time="0.002"/>
  <system-out/>
</testsuite> <!-- testNG.First_test -->
