<?xml version="1.0" encoding="UTF-8"?>
<!-- Generated by org.testng.reporters.JUnitReportReporter -->
<testsuite hostname="DESKTOP-UNKIUAD" failures="0" tests="3" name="testNG.Second_Test" time="6.844" errors="0" timestamp="2023-05-29T16:50:58 IST" skipped="0">
  <testcase classname="testNG.Second_Test" name="openApp" time="6.174"/>
  <system-out/>
  <testcase classname="testNG.Second_Test" name="login" time="0.406"/>
  <system-out/>
  <testcase classname="testNG.Second_Test" name="closeApp" time="0.264"/>
  <system-out/>
</testsuite> <!-- testNG.Second_Test -->
